<?xml version="1.0" encoding="UTF-8"?>
<testsuite xmlns:xsi="http://www.w3.org/2001/XMLSchema-instance" xsi:noNamespaceSchemaLocation="https://maven.apache.org/surefire/maven-surefire-plugin/xsd/surefire-test-report-3.0.xsd" version="3.0" name="com.apptest.AppPlaywrightTest" time="8.138" tests="3" errors="0" skipped="0" failures="0">
  <properties>
    <property name="java.specification.version" value="21"/>
    <property name="sun.jnu.encoding" value="UTF-8"/>
    <property name="java.class.path" value="/home/victorcristea/Documents/AutomationCRM/AppPlaywright/target/test-classes:/home/victorcristea/Documents/AutomationCRM/AppPlaywright/target/classes:/home/victorcristea/.m2/repository/com/microsoft/playwright/playwright/1.43.0/playwright-1.43.0.jar:/home/victorcristea/.m2/repository/com/google/code/gson/gson/2.10.1/gson-2.10.1.jar:/home/victorcristea/.m2/repository/org/opentest4j/opentest4j/1.3.0/opentest4j-1.3.0.jar:/home/victorcristea/.m2/repository/com/microsoft/playwright/driver/1.43.0/driver-1.43.0.jar:/home/victorcristea/.m2/repository/com/microsoft/playwright/driver-bundle/1.43.0/driver-bundle-1.43.0.jar:/home/victorcristea/.m2/repository/org/junit/jupiter/junit-jupiter/5.10.2/junit-jupiter-5.10.2.jar:/home/victorcristea/.m2/repository/org/junit/jupiter/junit-jupiter-api/5.10.2/junit-jupiter-api-5.10.2.jar:/home/victorcristea/.m2/repository/org/junit/platform/junit-platform-commons/1.10.2/junit-platform-commons-1.10.2.jar:/home/victorcristea/.m2/repository/org/apiguardian/apiguardian-api/1.1.2/apiguardian-api-1.1.2.jar:/home/victorcristea/.m2/repository/org/junit/jupiter/junit-jupiter-params/5.10.2/junit-jupiter-params-5.10.2.jar:/home/victorcristea/.m2/repository/org/junit/jupiter/junit-jupiter-engine/5.10.2/junit-jupiter-engine-5.10.2.jar:/home/victorcristea/.m2/repository/org/junit/platform/junit-platform-engine/1.10.2/junit-platform-engine-1.10.2.jar:/home/victorcristea/.m2/repository/io/qameta/allure/allure-junit5/2.27.0/allure-junit5-2.27.0.jar:/home/victorcristea/.m2/repository/io/qameta/allure/allure-junit-platform/2.27.0/allure-junit-platform-2.27.0.jar:/home/victorcristea/.m2/repository/io/qameta/allure/allure-java-commons/2.27.0/allure-java-commons-2.27.0.jar:/home/victorcristea/.m2/repository/org/slf4j/slf4j-api/1.7.36/slf4j-api-1.7.36.jar:/home/victorcristea/.m2/repository/io/qameta/allure/allure-model/2.27.0/allure-model-2.27.0.jar:/home/victorcristea/.m2/repository/io/qameta/allure/allure-test-filter/2.27.0/allure-test-filter-2.27.0.jar:/home/victorcristea/.m2/repository/org/junit/platform/junit-platform-launcher/1.9.2/junit-platform-launcher-1.9.2.jar:"/>
    <property name="java.vm.vendor" value="Ubuntu"/>
    <property name="sun.arch.data.model" value="64"/>
    <property name="java.vendor.url" value="https://ubuntu.com/"/>
    <property name="user.timezone" value="Europe/Chisinau"/>
    <property name="os.name" value="Linux"/>
    <property name="java.vm.specification.version" value="21"/>
    <property name="sun.java.launcher" value="SUN_STANDARD"/>
    <property name="user.country" value="US"/>
    <property name="sun.boot.library.path" value="/usr/lib/jvm/java-21-openjdk-amd64/lib"/>
    <property name="sun.java.command" value="/home/victorcristea/Documents/AutomationCRM/AppPlaywright/target/surefire/surefirebooter-20250321112943822_3.jar /home/victorcristea/Documents/AutomationCRM/AppPlaywright/target/surefire 2025-03-21T11-29-43_781-jvmRun1 surefire-20250321112943822_1tmp surefire_0-20250321112943822_2tmp"/>
    <property name="jdk.debug" value="release"/>
    <property name="surefire.test.class.path" value="/home/victorcristea/Documents/AutomationCRM/AppPlaywright/target/test-classes:/home/victorcristea/Documents/AutomationCRM/AppPlaywright/target/classes:/home/victorcristea/.m2/repository/com/microsoft/playwright/playwright/1.43.0/playwright-1.43.0.jar:/home/victorcristea/.m2/repository/com/google/code/gson/gson/2.10.1/gson-2.10.1.jar:/home/victorcristea/.m2/repository/org/opentest4j/opentest4j/1.3.0/opentest4j-1.3.0.jar:/home/victorcristea/.m2/repository/com/microsoft/playwright/driver/1.43.0/driver-1.43.0.jar:/home/victorcristea/.m2/repository/com/microsoft/playwright/driver-bundle/1.43.0/driver-bundle-1.43.0.jar:/home/victorcristea/.m2/repository/org/junit/jupiter/junit-jupiter/5.10.2/junit-jupiter-5.10.2.jar:/home/victorcristea/.m2/repository/org/junit/jupiter/junit-jupiter-api/5.10.2/junit-jupiter-api-5.10.2.jar:/home/victorcristea/.m2/repository/org/junit/platform/junit-platform-commons/1.10.2/junit-platform-commons-1.10.2.jar:/home/victorcristea/.m2/repository/org/apiguardian/apiguardian-api/1.1.2/apiguardian-api-1.1.2.jar:/home/victorcristea/.m2/repository/org/junit/jupiter/junit-jupiter-params/5.10.2/junit-jupiter-params-5.10.2.jar:/home/victorcristea/.m2/repository/org/junit/jupiter/junit-jupiter-engine/5.10.2/junit-jupiter-engine-5.10.2.jar:/home/victorcristea/.m2/repository/org/junit/platform/junit-platform-engine/1.10.2/junit-platform-engine-1.10.2.jar:/home/victorcristea/.m2/repository/io/qameta/allure/allure-junit5/2.27.0/allure-junit5-2.27.0.jar:/home/victorcristea/.m2/repository/io/qameta/allure/allure-junit-platform/2.27.0/allure-junit-platform-2.27.0.jar:/home/victorcristea/.m2/repository/io/qameta/allure/allure-java-commons/2.27.0/allure-java-commons-2.27.0.jar:/home/victorcristea/.m2/repository/org/slf4j/slf4j-api/1.7.36/slf4j-api-1.7.36.jar:/home/victorcristea/.m2/repository/io/qameta/allure/allure-model/2.27.0/allure-model-2.27.0.jar:/home/victorcristea/.m2/repository/io/qameta/allure/allure-test-filter/2.27.0/allure-test-filter-2.27.0.jar:/home/victorcristea/.m2/repository/org/junit/platform/junit-platform-launcher/1.9.2/junit-platform-launcher-1.9.2.jar:"/>
    <property name="sun.cpu.endian" value="little"/>
    <property name="user.home" value="/home/victorcristea"/>
    <property name="user.language" value="en"/>
    <property name="java.specification.vendor" value="Oracle Corporation"/>
    <property name="java.version.date" value="2025-01-21"/>
    <property name="java.home" value="/usr/lib/jvm/java-21-openjdk-amd64"/>
    <property name="file.separator" value="/"/>
    <property name="basedir" value="/home/victorcristea/Documents/AutomationCRM/AppPlaywright"/>
    <property name="java.vm.compressedOopsMode" value="Zero based"/>
    <property name="line.separator" value="&#10;"/>
    <property name="java.specification.name" value="Java Platform API Specification"/>
    <property name="java.vm.specification.vendor" value="Oracle Corporation"/>
    <property name="surefire.real.class.path" value="/home/victorcristea/Documents/AutomationCRM/AppPlaywright/target/surefire/surefirebooter-20250321112943822_3.jar"/>
    <property name="sun.management.compiler" value="HotSpot 64-Bit Tiered Compilers"/>
    <property name="java.runtime.version" value="21.0.6+7-Ubuntu-122.04.1"/>
    <property name="user.name" value="victorcristea"/>
    <property name="stdout.encoding" value="UTF-8"/>
    <property name="path.separator" value=":"/>
    <property name="os.version" value="6.12.10-76061203-generic"/>
    <property name="java.runtime.name" value="OpenJDK Runtime Environment"/>
    <property name="file.encoding" value="UTF-8"/>
    <property name="java.vm.name" value="OpenJDK 64-Bit Server VM"/>
    <property name="localRepository" value="/home/victorcristea/.m2/repository"/>
    <property name="java.vendor.url.bug" value="https://bugs.launchpad.net/ubuntu/+source/openjdk-21"/>
    <property name="java.io.tmpdir" value="/tmp"/>
    <property name="java.version" value="21.0.6"/>
    <property name="user.dir" value="/home/victorcristea/Documents/AutomationCRM/AppPlaywright"/>
    <property name="os.arch" value="amd64"/>
    <property name="java.vm.specification.name" value="Java Virtual Machine Specification"/>
    <property name="native.encoding" value="UTF-8"/>
    <property name="java.library.path" value="/usr/java/packages/lib:/usr/lib/x86_64-linux-gnu/jni:/lib/x86_64-linux-gnu:/usr/lib/x86_64-linux-gnu:/usr/lib/jni:/lib:/usr/lib"/>
    <property name="java.vm.info" value="mixed mode, sharing"/>
    <property name="stderr.encoding" value="UTF-8"/>
    <property name="java.vendor" value="Ubuntu"/>
    <property name="java.vm.version" value="21.0.6+7-Ubuntu-122.04.1"/>
    <property name="sun.io.unicode.encoding" value="UnicodeLittle"/>
    <property name="java.class.version" value="65.0"/>
  </properties>
  <testcase name="testOnWebkit" classname="com.apptest.AppPlaywrightTest" time="2.523">
    <system-out><![CDATA[webkit title: Andrei Spânu: Câți deputați controlează? Revine în politică? Câte televiziuni are? Ce-i cu justiția? - YouTube
]]></system-out>
  </testcase>
  <testcase name="testOnChromium" classname="com.apptest.AppPlaywrightTest" time="1.816">
    <system-out><![CDATA[chromium title: Andrei Spânu: Câți deputați controlează? Revine în politică? Câte televiziuni are? Ce-i cu justiția? - YouTube
]]></system-out>
  </testcase>
  <testcase name="testOnFirefox" classname="com.apptest.AppPlaywrightTest" time="3.792">
    <system-out><![CDATA[firefox title: Andrei Spânu: Câți deputați controlează? Revine în politică? Câte televiziuni are? Ce-i cu justiția? - YouTube
]]></system-out>
  </testcase>
</testsuite>